proguard-project.txt
# To enable ProGuard in your project, edit project.properties
# to define the proguard.config property as described in that file.
#
# Add project specific ProGuard rules here.
# By default, the flags in this file are appended to flags specified
# in ${sdk.dir}/tools/proguard/proguard-android.txt
# You can edit the include path and order by changing the ProGuard
# include property in project.properties.
#
# For more details, see
#   http://developer.android.com/guide/developing/tools/proguard.html

# Add any project specific keep options here:

# If your project uses WebView with JS, uncomment the following
# and specify the fully qualified class name to the JavaScript interface
# class:
#-keepclassmembers class fqcn.of.javascript.interface.for.webview {
#   public *;
#}

# -libraryjars /libs/android-support-v4.jar
# -libraryjars /libs/gson-2.2.4.jar
# -libraryjars /libs/joda-time-2.3.jar

# Para evitar warnings de joda
-dontwarn org.joda.convert.**

# No ofuscar las clases en los paquetes:
# -keep class com.siigs.tes.datos.tablas.** { *; }

# En vez de ofuscar el 100% de las tablas como se hacía arriba, ofuscamos solo los campos
-keepclassmembers class com.siigs.tes.datos.tablas.** { *; }

# Preservamos campos de esta clase inner para que se vean títulos de menús izquierdos
-keepclassmembers class com.siigs.tes.controles.ContenidoControles$ItemControl {
	public java.lang.String titulo;
	public int resIdIcono;
}