proguard/seeds.txt
com.siigs.tes.datos.tablas.PersonaAfiliacion: java.lang.String NOMBRE_TABLA
com.siigs.tes.datos.tablas.PersonaAfiliacion: java.lang.String ID_PERSONA
com.siigs.tes.datos.tablas.PersonaAfiliacion: java.lang.String ID_AFILIACION
com.siigs.tes.datos.tablas.PersonaAfiliacion: java.lang.String ULTIMA_ACTUALIZACION
com.siigs.tes.datos.tablas.PersonaAfiliacion: java.lang.String _ID
com.siigs.tes.datos.tablas.PersonaAfiliacion: java.lang.String DROP_TABLE
com.siigs.tes.datos.tablas.PersonaAfiliacion: java.lang.String CREATE_TABLE
com.siigs.tes.datos.tablas.PersonaAfiliacion: java.lang.String id_persona
com.siigs.tes.datos.tablas.PersonaAfiliacion: int id_afiliacion
com.siigs.tes.datos.tablas.PersonaAfiliacion: java.lang.String ultima_actualizacion
com.siigs.tes.datos.tablas.PersonaAfiliacion: PersonaAfiliacion()
com.siigs.tes.datos.tablas.PersonaAfiliacion: boolean equals(java.lang.Object)
com.siigs.tes.datos.tablas.PersonaAfiliacion: java.util.List getAfiliacionesPersona(android.content.Context,java.lang.String)
com.siigs.tes.datos.tablas.PersonaAlergia: java.lang.String NOMBRE_TABLA
com.siigs.tes.datos.tablas.PersonaAlergia: java.lang.String ID_PERSONA
com.siigs.tes.datos.tablas.PersonaAlergia: java.lang.String ID_ALERGIA
com.siigs.tes.datos.tablas.PersonaAlergia: java.lang.String ULTIMA_ACTUALIZACION
com.siigs.tes.datos.tablas.PersonaAlergia: java.lang.String _ID
com.siigs.tes.datos.tablas.PersonaAlergia: java.lang.String DROP_TABLE
com.siigs.tes.datos.tablas.PersonaAlergia: java.lang.String CREATE_TABLE
com.siigs.tes.datos.tablas.PersonaAlergia: java.lang.String id_persona
com.siigs.tes.datos.tablas.PersonaAlergia: int id_alergia
com.siigs.tes.datos.tablas.PersonaAlergia: java.lang.String ultima_actualizacion
com.siigs.tes.datos.tablas.PersonaAlergia: PersonaAlergia()
com.siigs.tes.datos.tablas.PersonaAlergia: boolean equals(java.lang.Object)
com.siigs.tes.datos.tablas.PersonaAlergia: android.net.Uri AgregarNuevaAlergia(android.content.Context,com.siigs.tes.datos.tablas.PersonaAlergia)
com.siigs.tes.datos.tablas.PersonaAlergia: java.util.List getAlergiasPersona(android.content.Context,java.lang.String)
com.siigs.tes.datos.tablas.PersonaTutor: java.lang.String NOMBRE_TABLA
com.siigs.tes.datos.tablas.PersonaTutor: java.lang.String ID_PERSONA
com.siigs.tes.datos.tablas.PersonaTutor: java.lang.String ID_TUTOR
com.siigs.tes.datos.tablas.PersonaTutor: java.lang.String ULTIMA_ACTUALIZACION
com.siigs.tes.datos.tablas.PersonaTutor: java.lang.String _ID
com.siigs.tes.datos.tablas.PersonaTutor: java.lang.String DROP_TABLE
com.siigs.tes.datos.tablas.PersonaTutor: java.lang.String CREATE_TABLE
com.siigs.tes.datos.tablas.PersonaTutor: java.lang.String id_persona
com.siigs.tes.datos.tablas.PersonaTutor: java.lang.String id_tutor
com.siigs.tes.datos.tablas.PersonaTutor: java.lang.String ultima_actualizacion
com.siigs.tes.datos.tablas.PersonaTutor: PersonaTutor()
com.siigs.tes.datos.tablas.PersonaTutor: java.lang.String getIdTutorDePersona(android.content.Context,java.lang.String)
com.siigs.tes.datos.tablas.RegistroCivil: java.lang.String NOMBRE_TABLA
com.siigs.tes.datos.tablas.RegistroCivil: java.lang.String ID_PERSONA
com.siigs.tes.datos.tablas.RegistroCivil: java.lang.String ID_LOCALIDAD_REGISTRO_CIVIL
com.siigs.tes.datos.tablas.RegistroCivil: java.lang.String FECHA_REGISTRO
com.siigs.tes.datos.tablas.RegistroCivil: java.lang.String _ID
com.siigs.tes.datos.tablas.RegistroCivil: java.lang.String DROP_TABLE
com.siigs.tes.datos.tablas.RegistroCivil: java.lang.String CREATE_TABLE
com.siigs.tes.datos.tablas.RegistroCivil: java.lang.String id_persona
com.siigs.tes.datos.tablas.RegistroCivil: int id_localidad_registro_civil
com.siigs.tes.datos.tablas.RegistroCivil: java.lang.String fecha_registro
com.siigs.tes.datos.tablas.RegistroCivil: RegistroCivil()
com.siigs.tes.datos.tablas.RegistroCivil: com.siigs.tes.datos.tablas.RegistroCivil getRegistro(android.content.Context,java.lang.String)