proguard/mapping.txt
com.google.gson.internal.bind.JsonTreeReader -> com.a.a.b.a.g:
    java.io.Reader UNREADABLE_READER -> a
    java.lang.Object SENTINEL_CLOSED -> b
    java.util.List stack -> c
    void beginArray() -> a
    void endArray() -> b
    void beginObject() -> c
    void endObject() -> d
    boolean hasNext() -> e
    com.google.gson.stream.JsonToken peek() -> f
    java.lang.Object peekStack() -> q
    java.lang.Object popStack() -> r
    void expect(com.google.gson.stream.JsonToken) -> a
    java.lang.String nextName() -> g
    java.lang.String nextString() -> h
    boolean nextBoolean() -> i
    void nextNull() -> j
    double nextDouble() -> k
    long nextLong() -> l
    int nextInt() -> m
    void close() -> close
    void skipValue() -> n
    java.lang.String toString() -> toString
    void promoteNameToValue() -> o
com.google.gson.internal.bind.JsonTreeReader$1 -> com.a.a.b.a.h:
    int read(char[],int,int) -> read
    void close() -> close
com.google.gson.internal.bind.JsonTreeWriter -> com.a.a.b.a.i:
    java.io.Writer UNWRITABLE_WRITER -> a
    com.google.gson.JsonPrimitive SENTINEL_CLOSED -> b
    java.util.List stack -> c
    java.lang.String pendingName -> d
    com.google.gson.JsonElement product -> e
    com.google.gson.JsonElement get() -> a
    com.google.gson.JsonElement peek() -> j
    void put(com.google.gson.JsonElement) -> a
    com.google.gson.stream.JsonWriter beginArray() -> b
    com.google.gson.stream.JsonWriter endArray() -> c
    com.google.gson.stream.JsonWriter beginObject() -> d
    com.google.gson.stream.JsonWriter endObject() -> e
    com.google.gson.stream.JsonWriter name(java.lang.String) -> a
    com.google.gson.stream.JsonWriter value(java.lang.String) -> b
    com.google.gson.stream.JsonWriter nullValue() -> f
    com.google.gson.stream.JsonWriter value(boolean) -> a
    com.google.gson.stream.JsonWriter value(long) -> a
    com.google.gson.stream.JsonWriter value(java.lang.Number) -> a
    void flush() -> flush
    void close() -> close
com.google.gson.internal.bind.JsonTreeWriter$1 -> com.a.a.b.a.j:
    void write(char[],int,int) -> write
    void flush() -> flush
    void close() -> close
com.google.gson.internal.bind.MapTypeAdapterFactory -> com.a.a.b.a.k:
    com.google.gson.internal.ConstructorConstructor constructorConstructor -> a
    boolean complexMapKeySerialization -> b
    com.google.gson.TypeAdapter create(com.google.gson.Gson,com.google.gson.reflect.TypeToken) -> a
    com.google.gson.TypeAdapter getKeyAdapter(com.google.gson.Gson,java.lang.reflect.Type) -> a
    boolean access$000(com.google.gson.internal.bind.MapTypeAdapterFactory) -> a
com.google.gson.internal.bind.MapTypeAdapterFactory$Adapter -> com.a.a.b.a.l:
    com.google.gson.TypeAdapter keyTypeAdapter -> b
    com.google.gson.TypeAdapter valueTypeAdapter -> c
    com.google.gson.internal.ObjectConstructor constructor -> d
    com.google.gson.internal.bind.MapTypeAdapterFactory this$0 -> a
    java.util.Map read(com.google.gson.stream.JsonReader) -> a
    void write(com.google.gson.stream.JsonWriter,java.util.Map) -> a
    java.lang.String keyToString(com.google.gson.JsonElement) -> a
    java.lang.Object read(com.google.gson.stream.JsonReader) -> b
    void write(com.google.gson.stream.JsonWriter,java.lang.Object) -> a
com.google.gson.internal.bind.ObjectTypeAdapter -> com.a.a.b.a.m:
    com.google.gson.TypeAdapterFactory FACTORY -> a
    com.google.gson.Gson gson -> b
    java.lang.Object read(com.google.gson.stream.JsonReader) -> b
    void write(com.google.gson.stream.JsonWriter,java.lang.Object) -> a
com.google.gson.internal.bind.ObjectTypeAdapter$1 -> com.a.a.b.a.n:
    com.google.gson.TypeAdapter create(com.google.gson.Gson,com.google.gson.reflect.TypeToken) -> a
com.google.gson.internal.bind.ObjectTypeAdapter$2 -> com.a.a.b.a.o:
    int[] $SwitchMap$com$google$gson$stream$JsonToken -> a